<?xml version="1.0" encoding="UTF-8"?>
<!-- Generated by org.testng.reporters.JUnitXMLReporter -->
<testsuite hostname="ShowStopper-PC" name="Test" tests="3" failures="0" timestamp="15 Sep 2017 20:47:07 GMT" time="28.78" errors="0">
  <testcase name="searchQueryHome" time="16.751" classname="Execution_Engine.SearchQueryHome"/>
  <testcase name="resultPage" time="7.388" classname="Execution_Engine.ResultPage"/>
  <testcase name="verifyPage" time="4.612" classname="Execution_Engine.VerifyPage"/>
</testsuite> <!-- Test -->
